2024-11-30 10:49:36,370 - distributed_scheduler - WARNING - Failed login attempt for user admin
2024-11-30 10:49:48,709 - distributed_scheduler - INFO - User admin logged in successfully
2024-11-30 10:50:46,268 - distributed_scheduler - INFO - User admin logged in successfully
2024-11-30 10:57:27,673 - distributed_scheduler - INFO - User admin logged in successfully
2024-11-30 11:14:24,542 - distributed_scheduler - INFO - User admin logged in successfully
2024-11-30 11:14:44,064 - distributed_scheduler - INFO - New task created: 032af18a-9c30-4abc-ae55-b4750bd5a5c1
2024-11-30 11:16:04,356 - distributed_scheduler - INFO - New task created: faf1cfca-b1cc-425e-8838-56ad954184a2
2024-11-30 11:23:06,641 - distributed_scheduler - INFO - User admin logged in successfully
2024-11-30 11:23:27,100 - distributed_scheduler - INFO - New task created: d00327d4-b128-40c4-aee2-e08d5fb488e8
2024-11-30 11:23:40,154 - distributed_scheduler - INFO - New task created: 382ee7ff-6053-47c5-bf44-b0ddde9ad1f2
2024-11-30 11:26:58,038 - distributed_scheduler - INFO - User admin logged in successfully
2024-11-30 11:36:31,487 - distributed_scheduler - INFO - New task created: 58284276-f98a-4889-a1a9-d790b02ce7ce
2024-11-30 11:36:44,871 - distributed_scheduler - INFO - New task created: b421d024-b24d-448b-8d10-15923f7d57af
2024-11-30 11:36:55,891 - distributed_scheduler - INFO - New task created: 09f8d2b9-007f-444a-8dd6-f9bd7ab961f8
2024-11-30 12:08:03,682 - distributed_scheduler - INFO - New task created: d0a762bb-f464-4889-8531-f678bd8225f9
2024-11-30 12:09:02,436 - distributed_scheduler - INFO - User admin logged in successfully
2024-11-30 12:09:20,874 - distributed_scheduler - INFO - New task created: c12e98ac-4be5-4d9f-b348-f2c99a314750
2024-11-30 13:46:59,365 - distributed_scheduler - INFO - User admin logged in successfully
2024-11-30 15:24:16,859 - distributed_scheduler - INFO - User admin logged in successfully
2024-11-30 15:54:24,521 - distributed_scheduler - INFO - User admin logged in successfully
2024-11-30 15:54:46,657 - distributed_scheduler - INFO - New task created: 55edd835-04e6-46b3-ad39-71f0895e7660
2024-11-30 22:06:06,560 - distributed_scheduler - INFO - User admin logged in successfully
2024-11-30 22:19:33,425 - distributed_scheduler - INFO - New task created: 93110c1a-481c-47b7-904a-6753d0e906d8
2024-11-30 22:45:11,084 - distributed_scheduler - INFO - New task created: babf6d35-abef-4add-aeff-99742c02fa4b
2024-11-30 22:46:08,493 - distributed_scheduler - INFO - New task created: b84525a4-c7fc-453f-ae03-216a1265c20a
2024-11-30 22:57:34,091 - distributed_scheduler - INFO - New task created: e5b7baa8-e756-4ef7-9ce7-fe01a565010f
2024-11-30 22:58:41,696 - distributed_scheduler - INFO - User admin logged in successfully
2024-11-30 22:58:51,121 - distributed_scheduler - INFO - New task created: 5365e812-84ce-47fe-9991-7eb49c12e9bf
2024-11-30 23:07:20,892 - distributed_scheduler - INFO - New task created: ef4c5697-226e-4386-b243-09d799d45733
2024-11-30 23:18:54,089 - distributed_scheduler - INFO - New task created: 3ee6b1a0-e41b-465f-95ee-c16214178cd8
2024-11-30 23:25:03,489 - distributed_scheduler - INFO - New task created: 4680277c-aa66-428c-80ad-1f609bd1e613
2024-11-30 23:35:51,183 - distributed_scheduler - INFO - New task created: 22c04324-a269-4507-bb20-010e0a1e9a68
2024-12-01 01:31:50,788 - distributed_scheduler - INFO - New task created: a14121b9-26dc-425d-97af-1fa5de019029
2024-12-01 01:44:20,754 - distributed_scheduler - INFO - New task created: 07d3262a-245d-42b7-8cc5-50add70fdb78
2024-12-01 01:46:44,456 - distributed_scheduler - INFO - New task created: d7abe19a-3635-443f-a05d-c96fc4066ffe
2024-12-01 01:46:59,920 - distributed_scheduler - INFO - New task created: dabb4c65-2140-4198-ab97-3de0e17399b3
2024-12-01 10:36:07,224 - distributed_scheduler - INFO - New task created: 910262af-4aa2-4202-9d89-ffbc459409b9
2024-12-01 10:39:19,503 - distributed_scheduler - INFO - User admin logged in successfully
2024-12-01 10:41:50,857 - distributed_scheduler - INFO - New task created: 3eabe1ed-ef18-4664-9d77-7190c48bff2b
2024-12-01 10:43:45,883 - distributed_scheduler - INFO - New task created: 46f7d1de-d7d1-40f0-8b2d-271bc824168c
2024-12-01 11:02:59,881 - distributed_scheduler - INFO - User admin logged in successfully
2024-12-01 11:08:16,017 - distributed_scheduler - INFO - User admin logged in successfully
2024-12-01 11:29:15,660 - distributed_scheduler - ERROR - Task creation error: 'NoneType' object has no attribute 'emit'
2024-12-01 11:31:51,170 - distributed_scheduler - ERROR - Task creation error: 'NoneType' object has no attribute 'emit'
2024-12-01 11:41:11,775 - distributed_scheduler - INFO - User admin logged in successfully
2024-12-01 11:55:16,070 - distributed_scheduler - INFO - User admin logged in successfully
2024-12-01 15:23:46,226 - distributed_scheduler - INFO - User admin logged in successfully
2024-12-01 15:41:36,053 - distributed_scheduler - INFO - Client connected
2024-12-01 15:41:36,228 - distributed_scheduler - INFO - Client connected
2024-12-01 15:42:27,205 - distributed_scheduler - INFO - User admin logged in successfully
2024-12-01 15:42:29,267 - distributed_scheduler - INFO - Client connected
2024-12-01 15:42:54,351 - distributed_scheduler - INFO - New task created: 871a9838-c431-46a7-8d7b-80cf9b5b8856
2024-12-01 15:42:54,431 - distributed_scheduler - INFO - Client subscribed to task: 871a9838-c431-46a7-8d7b-80cf9b5b8856
2024-12-01 15:55:13,011 - distributed_scheduler - INFO - Client connected
2024-12-01 15:55:13,137 - distributed_scheduler - INFO - Client connected
2024-12-01 15:55:15,780 - distributed_scheduler - INFO - Client connected
2024-12-01 15:56:04,980 - distributed_scheduler - INFO - New task created: e1c17e5e-76ed-4efe-9a5f-6a1df207e3e4
2024-12-01 15:56:05,006 - distributed_scheduler - INFO - Client subscribed to task: e1c17e5e-76ed-4efe-9a5f-6a1df207e3e4
2024-12-01 15:56:49,128 - distributed_scheduler - INFO - New task created: a84a0539-dc45-43be-8160-ee8992b26968
2024-12-01 15:56:49,152 - distributed_scheduler - INFO - Client subscribed to task: a84a0539-dc45-43be-8160-ee8992b26968
2024-12-01 15:57:05,115 - distributed_scheduler - INFO - New task created: 7a96c6c4-3f70-44c8-9f9d-c63c60981e8a
2024-12-01 15:57:05,136 - distributed_scheduler - INFO - Client subscribed to task: 7a96c6c4-3f70-44c8-9f9d-c63c60981e8a
2024-12-01 15:57:11,178 - distributed_scheduler - INFO - New task created: 17ad9fb0-da07-41d1-965f-94b833209b81
2024-12-01 15:57:11,199 - distributed_scheduler - INFO - Client subscribed to task: 17ad9fb0-da07-41d1-965f-94b833209b81
2024-12-01 15:57:13,853 - distributed_scheduler - INFO - New task created: 52420f4a-360f-4ca9-9d18-33c6507895ca
2024-12-01 15:57:13,873 - distributed_scheduler - INFO - Client subscribed to task: 52420f4a-360f-4ca9-9d18-33c6507895ca
2024-12-01 15:58:34,069 - distributed_scheduler - INFO - Client connected
2024-12-01 15:58:36,800 - distributed_scheduler - INFO - Client connected
2024-12-01 16:05:33,175 - distributed_scheduler - INFO - Client connected
2024-12-01 16:05:33,461 - distributed_scheduler - INFO - Client connected
2024-12-01 16:06:36,401 - distributed_scheduler - INFO - Client connected
2024-12-01 16:06:36,446 - distributed_scheduler - INFO - Client connected
2024-12-01 16:27:20,524 - distributed_scheduler - INFO - Client connected
2024-12-01 16:27:20,608 - distributed_scheduler - INFO - Client connected
2024-12-01 16:28:25,757 - distributed_scheduler - INFO - Client connected
2024-12-01 16:29:00,984 - distributed_scheduler - INFO - New task created: 186a9087-643f-48fe-8aa1-b9e03c4bf24f
2024-12-01 16:29:01,072 - distributed_scheduler - INFO - Client subscribed to task: 186a9087-643f-48fe-8aa1-b9e03c4bf24f
2024-12-01 16:29:38,116 - distributed_scheduler - INFO - New task created: b592de2e-b2ae-4945-9761-3bc506f825f6
2024-12-01 16:29:38,221 - distributed_scheduler - INFO - Client subscribed to task: b592de2e-b2ae-4945-9761-3bc506f825f6
2024-12-01 16:36:56,561 - distributed_scheduler - INFO - Client connected
2024-12-01 16:36:56,665 - distributed_scheduler - INFO - Client connected
2024-12-01 16:37:39,951 - distributed_scheduler - INFO - User admin logged in successfully
2024-12-01 16:37:41,867 - distributed_scheduler - INFO - Client connected
2024-12-01 16:38:10,718 - distributed_scheduler - INFO - New task created: 753b91c0-9563-4c7b-a852-e4ce3c06629c
2024-12-01 16:38:10,766 - distributed_scheduler - INFO - Client subscribed to task: 753b91c0-9563-4c7b-a852-e4ce3c06629c
2024-12-01 16:38:54,483 - distributed_scheduler - INFO - Client connected
2024-12-01 16:39:08,698 - distributed_scheduler - INFO - New task created: 271fc10b-84fd-4bbd-981e-e26831d3ae53
2024-12-01 16:39:08,807 - distributed_scheduler - INFO - Client subscribed to task: 271fc10b-84fd-4bbd-981e-e26831d3ae53
2024-12-01 16:40:36,461 - distributed_scheduler - INFO - New task created: 07714d5b-98d1-4e8f-a4d0-b5d8866a1eca
2024-12-01 16:40:36,539 - distributed_scheduler - INFO - Client subscribed to task: 07714d5b-98d1-4e8f-a4d0-b5d8866a1eca
2024-12-01 16:50:48,220 - distributed_scheduler - INFO - Client connected
2024-12-01 16:50:48,470 - distributed_scheduler - INFO - Client connected
2024-12-01 16:51:13,559 - distributed_scheduler - INFO - Client connected
2024-12-01 16:51:35,585 - distributed_scheduler - INFO - New task created: 462c4860-63e7-4acd-a3f0-aeaa9a423a87
2024-12-01 16:51:35,633 - distributed_scheduler - INFO - Client subscribed to task: 462c4860-63e7-4acd-a3f0-aeaa9a423a87
2024-12-01 16:54:37,843 - distributed_scheduler - INFO - Client connected
2024-12-01 16:54:38,323 - distributed_scheduler - INFO - Client connected
2024-12-01 17:01:11,847 - distributed_scheduler - INFO - New task created: 0ae9c16e-c638-4093-b067-a8880d5ebd96
2024-12-01 17:01:11,915 - distributed_scheduler - INFO - Client subscribed to task: 0ae9c16e-c638-4093-b067-a8880d5ebd96
2024-12-01 17:01:32,899 - distributed_scheduler - INFO - New task created: aa3afc63-a295-4965-8735-aadfd3608c2c
2024-12-01 17:01:32,926 - distributed_scheduler - INFO - Client subscribed to task: aa3afc63-a295-4965-8735-aadfd3608c2c
2024-12-01 17:50:20,695 - distributed_scheduler - INFO - Client connected
2024-12-01 17:50:44,623 - distributed_scheduler - INFO - New task created: 365f8d34-01e0-47cf-a3fb-0001ed689112
2024-12-01 17:50:44,658 - distributed_scheduler - INFO - Client subscribed to task: 365f8d34-01e0-47cf-a3fb-0001ed689112
2024-12-01 18:08:35,022 - distributed_scheduler - INFO - Client connected
2024-12-01 18:09:58,559 - distributed_scheduler - INFO - Client connected
2024-12-01 18:10:54,519 - distributed_scheduler - INFO - Client connected
2024-12-01 18:15:02,418 - distributed_scheduler - INFO - Client connected
2024-12-01 18:15:58,239 - distributed_scheduler - INFO - Client connected
2024-12-01 18:16:38,518 - distributed_scheduler - INFO - Client connected
2024-12-01 18:17:19,493 - distributed_scheduler - INFO - Client connected
2024-12-01 18:18:02,716 - distributed_scheduler - INFO - Client connected
2024-12-01 18:19:00,851 - distributed_scheduler - INFO - User admin logged in successfully
2024-12-01 18:19:02,873 - distributed_scheduler - INFO - Client connected
2024-12-01 18:20:39,730 - distributed_scheduler - INFO - Client connected
2024-12-01 18:21:44,508 - distributed_scheduler - INFO - Client connected
2024-12-01 18:22:26,496 - distributed_scheduler - INFO - Client connected
2024-12-01 18:23:02,479 - distributed_scheduler - INFO - Client connected
2024-12-01 18:25:06,453 - distributed_scheduler - INFO - Client connected
2024-12-01 18:25:40,208 - distributed_scheduler - INFO - New task created: 8a06326d-4580-462c-8f5f-ef65ef01871b
2024-12-01 18:25:40,225 - distributed_scheduler - INFO - Client subscribed to task: 8a06326d-4580-462c-8f5f-ef65ef01871b
2024-12-01 18:29:02,722 - distributed_scheduler - INFO - Client connected
2024-12-01 18:29:13,443 - distributed_scheduler - INFO - New task created: 1653b359-ec20-42e4-8147-b3ffb42db8e4
2024-12-01 18:29:13,478 - distributed_scheduler - INFO - Client subscribed to task: 1653b359-ec20-42e4-8147-b3ffb42db8e4
2024-12-01 18:29:34,516 - distributed_scheduler - INFO - New task created: f541b444-e960-4acb-a062-d49a555ef650
2024-12-01 18:29:34,545 - distributed_scheduler - INFO - Client subscribed to task: f541b444-e960-4acb-a062-d49a555ef650
2024-12-01 18:38:07,899 - distributed_scheduler - INFO - Client connected
2024-12-01 18:38:44,233 - distributed_scheduler - INFO - Client connected
2024-12-01 18:39:46,399 - distributed_scheduler - INFO - Client connected
2024-12-01 18:40:00,678 - distributed_scheduler - INFO - Client connected
2024-12-01 18:40:18,482 - distributed_scheduler - INFO - New task created: 9bfe8216-9937-45a3-b907-d26fac12d8b9
2024-12-01 18:40:18,511 - distributed_scheduler - INFO - Client subscribed to task: 9bfe8216-9937-45a3-b907-d26fac12d8b9
2024-12-01 18:40:28,229 - distributed_scheduler - INFO - New task created: 431dfba0-b7dd-498c-aeca-af156aaf11c9
2024-12-01 18:40:28,245 - distributed_scheduler - INFO - Client subscribed to task: 431dfba0-b7dd-498c-aeca-af156aaf11c9
2024-12-01 18:40:31,895 - distributed_scheduler - INFO - New task created: 113528d3-0da5-4feb-9415-7bfd2541e12c
2024-12-01 18:40:31,905 - distributed_scheduler - INFO - Client subscribed to task: 113528d3-0da5-4feb-9415-7bfd2541e12c
2024-12-01 18:41:30,883 - distributed_scheduler - INFO - Client connected
2024-12-01 18:43:06,794 - distributed_scheduler - INFO - Client connected
2024-12-01 18:44:14,023 - distributed_scheduler - INFO - Client connected
2024-12-01 18:44:36,993 - distributed_scheduler - INFO - New task created: c33812ef-af35-4927-bcd9-617b5d96ef43
2024-12-01 18:44:37,040 - distributed_scheduler - INFO - Client subscribed to task: c33812ef-af35-4927-bcd9-617b5d96ef43
2024-12-01 18:44:42,794 - distributed_scheduler - INFO - New task created: a9438dec-93b5-4a51-9637-b1b82e98c456
2024-12-01 18:44:43,354 - distributed_scheduler - INFO - Client subscribed to task: a9438dec-93b5-4a51-9637-b1b82e98c456
2024-12-01 18:44:46,917 - distributed_scheduler - INFO - New task created: c5eda686-8481-402d-8236-88570a19fc9f
2024-12-01 18:44:46,940 - distributed_scheduler - INFO - Client subscribed to task: c5eda686-8481-402d-8236-88570a19fc9f
2024-12-01 18:45:46,858 - distributed_scheduler - INFO - Client connected
2024-12-01 18:45:57,008 - distributed_scheduler - INFO - Client connected
2024-12-01 18:46:05,293 - distributed_scheduler - INFO - New task created: 22af418a-33c4-4b5f-9eb0-57df1cf16781
2024-12-01 18:46:05,314 - distributed_scheduler - INFO - Client subscribed to task: 22af418a-33c4-4b5f-9eb0-57df1cf16781
2024-12-01 18:46:11,727 - distributed_scheduler - INFO - New task created: 6217e14a-1e36-4aaa-ab37-816f84c54940
2024-12-01 18:46:11,751 - distributed_scheduler - INFO - Client subscribed to task: 6217e14a-1e36-4aaa-ab37-816f84c54940
2024-12-01 18:49:48,960 - distributed_scheduler - INFO - Client connected
2024-12-01 18:50:33,186 - distributed_scheduler - INFO - Client connected
2024-12-01 18:51:55,728 - distributed_scheduler - INFO - Client connected
2024-12-01 18:54:13,078 - distributed_scheduler - INFO - Client connected
2024-12-01 18:54:24,602 - distributed_scheduler - INFO - Client connected
2024-12-01 18:54:42,585 - distributed_scheduler - INFO - New task created: 0ee13d29-cd24-4b1b-a970-27120f78c50c
2024-12-01 18:54:42,684 - distributed_scheduler - INFO - Client subscribed to task: 0ee13d29-cd24-4b1b-a970-27120f78c50c
2024-12-01 18:54:52,230 - distributed_scheduler - INFO - New task created: aba83277-ddda-4935-9019-700723ca19eb
2024-12-01 18:54:52,295 - distributed_scheduler - INFO - Client subscribed to task: aba83277-ddda-4935-9019-700723ca19eb
2024-12-01 18:54:56,699 - distributed_scheduler - INFO - New task created: 8a12db71-f88e-4ec9-b7a3-17e9f48d6f78
2024-12-01 18:54:56,715 - distributed_scheduler - INFO - Client subscribed to task: 8a12db71-f88e-4ec9-b7a3-17e9f48d6f78
2024-12-01 18:57:36,515 - distributed_scheduler - INFO - Client connected
2024-12-01 18:58:06,933 - distributed_scheduler - INFO - Client connected
2024-12-01 18:58:13,994 - distributed_scheduler - INFO - New task created: df847217-c82a-42bf-a61d-a6ba2b0a85d4
2024-12-01 18:58:14,017 - distributed_scheduler - INFO - Client subscribed to task: df847217-c82a-42bf-a61d-a6ba2b0a85d4
2024-12-01 18:58:22,403 - distributed_scheduler - INFO - New task created: 84715254-5c3d-4364-8987-125e90739e59
2024-12-01 18:58:22,425 - distributed_scheduler - INFO - Client subscribed to task: 84715254-5c3d-4364-8987-125e90739e59
2024-12-01 18:58:32,969 - distributed_scheduler - INFO - New task created: 65107db6-8a5e-432c-a59d-f14cb726daeb
2024-12-01 18:58:32,989 - distributed_scheduler - INFO - Client subscribed to task: 65107db6-8a5e-432c-a59d-f14cb726daeb
2024-12-01 18:59:52,613 - distributed_scheduler - INFO - Client connected
2024-12-01 20:04:00,413 - distributed_scheduler - INFO - Client connected
2024-12-01 20:04:53,917 - distributed_scheduler - INFO - Client connected
2024-12-01 20:07:25,494 - distributed_scheduler - INFO - Client connected
2024-12-01 20:08:37,593 - distributed_scheduler - INFO - Client connected
2024-12-01 20:08:43,804 - distributed_scheduler - INFO - New task created: b1a4d5ba-6401-4ae6-b4d3-f654b70507c5
2024-12-01 20:08:43,824 - distributed_scheduler - INFO - Client subscribed to task: b1a4d5ba-6401-4ae6-b4d3-f654b70507c5
2024-12-01 20:08:50,875 - distributed_scheduler - INFO - New task created: d2fc2a6d-f664-4eb3-8b8c-592438d9476d
2024-12-01 20:08:50,900 - distributed_scheduler - INFO - Client subscribed to task: d2fc2a6d-f664-4eb3-8b8c-592438d9476d
2024-12-01 20:09:18,020 - distributed_scheduler - INFO - Client connected
2024-12-01 20:09:32,922 - distributed_scheduler - INFO - Client connected
2024-12-01 20:09:49,065 - distributed_scheduler - INFO - New task created: 87a810b2-a9d0-4a9b-ae51-b75687c7949c
2024-12-01 20:09:49,126 - distributed_scheduler - INFO - Client subscribed to task: 87a810b2-a9d0-4a9b-ae51-b75687c7949c
2024-12-01 20:09:57,753 - distributed_scheduler - INFO - New task created: 448379fb-1c2d-4672-bd87-98a05aae3d0f
2024-12-01 20:09:57,781 - distributed_scheduler - INFO - Client subscribed to task: 448379fb-1c2d-4672-bd87-98a05aae3d0f
2024-12-01 20:10:03,682 - distributed_scheduler - INFO - New task created: 70f5222a-284d-4523-9da7-1a284476d41b
2024-12-01 20:10:03,720 - distributed_scheduler - INFO - Client subscribed to task: 70f5222a-284d-4523-9da7-1a284476d41b
2024-12-01 20:34:38,914 - distributed_scheduler - INFO - Client connected
2024-12-01 20:34:44,864 - distributed_scheduler - INFO - Client connected
2024-12-01 20:48:21,489 - distributed_scheduler - INFO - Client connected
2024-12-01 20:50:16,785 - distributed_scheduler - INFO - User admin logged in successfully
2024-12-01 20:50:17,671 - distributed_scheduler - INFO - Client connected
2024-12-01 20:50:52,014 - distributed_scheduler - INFO - New task created: b65f5869-beea-4e05-abc6-ac92ff3dcf48
2024-12-01 20:50:52,189 - distributed_scheduler - INFO - Client subscribed to task: b65f5869-beea-4e05-abc6-ac92ff3dcf48
2024-12-01 22:03:28,767 - distributed_scheduler - INFO - User admin logged in successfully
2024-12-01 22:03:30,309 - distributed_scheduler - INFO - Client connected
2024-12-01 22:05:07,100 - distributed_scheduler - INFO - New task created: bbede498-4b11-432b-aacf-18d574c6e639
2024-12-01 22:05:07,267 - distributed_scheduler - INFO - Client subscribed to task: bbede498-4b11-432b-aacf-18d574c6e639
